<?xml version="1.0" encoding="UTF-8"?>
<testng-results ignored="0" total="2" passed="2" failed="0" skipped="0">
  <reporter-output>
  </reporter-output>
  <suite started-at="2024-07-09T10:19:09 IST" name="TestSuite" finished-at="2024-07-09T10:20:02 IST" duration-ms="53455">
    <groups>
    </groups>
    <test started-at="2024-07-09T10:19:09 IST" name="Test" finished-at="2024-07-09T10:20:02 IST" duration-ms="53455">
      <class name="com.tap.tests.CardConfigurationTests">
        <test-method is-config="true" signature="suiteSteUp()[pri:0, instance:com.tap.tests.CardConfigurationTests@29526c05]" started-at="2024-07-09T10:19:09 IST" name="suiteSteUp" finished-at="2024-07-09T10:19:09 IST" duration-ms="5" status="PASS">
          <reporter-output>
          </reporter-output>
        </test-method> <!-- suiteSteUp -->
        <test-method is-config="true" signature="initDriver()[pri:0, instance:com.tap.tests.CardConfigurationTests@29526c05]" started-at="2024-07-09T10:19:09 IST" name="initDriver" finished-at="2024-07-09T10:19:13 IST" duration-ms="4689" status="PASS">
          <reporter-output>
          </reporter-output>
        </test-method> <!-- initDriver -->
        <test-method is-config="true" signature="initPages()[pri:0, instance:com.tap.tests.CardConfigurationTests@29526c05]" started-at="2024-07-09T10:19:13 IST" name="initPages" finished-at="2024-07-09T10:19:13 IST" duration-ms="36" status="PASS">
          <reporter-output>
          </reporter-output>
        </test-method> <!-- initPages -->
        <test-method signature="configureCardTest(java.lang.String,java.lang.String,java.lang.String)[pri:0, instance:com.tap.tests.CardConfigurationTests@29526c05]" started-at="2024-07-09T10:19:13 IST" name="configureCardTest" data-provider="cardData" finished-at="2024-07-09T10:19:39 IST" duration-ms="25596" status="PASS">
          <params>
            <param index="0">
              <value>
                <![CDATA[5123450000000008]]>
              </value>
            </param>
            <param index="1">
              <value>
                <![CDATA[01/39]]>
              </value>
            </param>
            <param index="2">
              <value>
                <![CDATA[100]]>
              </value>
            </param>
          </params>
          <reporter-output>
          </reporter-output>
        </test-method> <!-- configureCardTest -->
        <test-method signature="configureCardTest(java.lang.String,java.lang.String,java.lang.String)[pri:0, instance:com.tap.tests.CardConfigurationTests@29526c05]" started-at="2024-07-09T10:19:39 IST" name="configureCardTest" data-provider="cardData" finished-at="2024-07-09T10:20:02 IST" duration-ms="22980" status="PASS">
          <params>
            <param index="0">
              <value>
                <![CDATA[4508750015741019]]>
              </value>
            </param>
            <param index="1">
              <value>
                <![CDATA[01/39]]>
              </value>
            </param>
            <param index="2">
              <value>
                <![CDATA[100]]>
              </value>
            </param>
          </params>
          <reporter-output>
          </reporter-output>
        </test-method> <!-- configureCardTest -->
        <test-method is-config="true" signature="tearDown()[pri:0, instance:com.tap.tests.CardConfigurationTests@29526c05]" started-at="2024-07-09T10:20:02 IST" name="tearDown" finished-at="2024-07-09T10:20:02 IST" duration-ms="122" status="PASS">
          <reporter-output>
          </reporter-output>
        </test-method> <!-- tearDown -->
        <test-method is-config="true" signature="afterSuiteSetUp()[pri:0, instance:com.tap.tests.CardConfigurationTests@29526c05]" started-at="2024-07-09T10:20:02 IST" name="afterSuiteSetUp" finished-at="2024-07-09T10:20:02 IST" duration-ms="6" status="PASS">
          <reporter-output>
          </reporter-output>
        </test-method> <!-- afterSuiteSetUp -->
      </class> <!-- com.tap.tests.CardConfigurationTests -->
    </test> <!-- Test -->
  </suite> <!-- TestSuite -->
</testng-results>
